0 info it worked if it ends with ok
1 verbose cli [ '/usr/bin/node', '/usr/bin/npm', 'install', '-g', 'n', 'stable' ]
2 info using npm@3.5.2
3 info using node@v8.10.0
4 silly loadCurrentTree Starting
5 silly install loadCurrentTree
6 silly install readGlobalPackageData
7 silly fetchPackageMetaData n
8 silly fetchPackageMetaData stable
9 silly fetchNamedPackageData n
10 silly mapToRegistry name n
11 silly mapToRegistry using default registry
12 silly mapToRegistry registry https://registry.npmjs.org/
13 silly mapToRegistry uri https://registry.npmjs.org/n
14 silly fetchNamedPackageData stable
15 silly mapToRegistry name stable
16 silly mapToRegistry using default registry
17 silly mapToRegistry registry https://registry.npmjs.org/
18 silly mapToRegistry uri https://registry.npmjs.org/stable
19 verbose request uri https://registry.npmjs.org/stable
20 verbose request no auth needed
21 info attempt registry request try #1 at 1:27:49 PM
22 verbose request id a4713488d0b7d9f0
23 http request GET https://registry.npmjs.org/stable
24 verbose request uri https://registry.npmjs.org/n
25 verbose request no auth needed
26 info attempt registry request try #1 at 1:27:49 PM
27 verbose etag W/"cfc3e11c62665e0da8c8147162a25e97"
28 verbose lastModified Fri, 12 Mar 2021 07:12:14 GMT
29 http request GET https://registry.npmjs.org/n
30 http 304 https://registry.npmjs.org/n
31 verbose headers { date: 'Sun, 18 Apr 2021 11:27:50 GMT',
31 verbose headers   connection: 'keep-alive',
31 verbose headers   'set-cookie':
31 verbose headers    [ '__cfduid=dc5bb551f949ef5e6d2025f71d67bad131618745269; expires=Tue, 18-May-21 11:27:49 GMT; path=/; domain=.npmjs.org; HttpOnly; SameSite=Lax' ],
31 verbose headers   'cf-ray': '641d8bcf298110b9-CPH',
31 verbose headers   'cache-control': 'public, max-age=300',
31 verbose headers   etag: '"cfc3e11c62665e0da8c8147162a25e97"',
31 verbose headers   'last-modified': 'Fri, 12 Mar 2021 07:12:14 GMT',
31 verbose headers   vary: 'Accept-Encoding',
31 verbose headers   'cf-cache-status': 'REVALIDATED',
31 verbose headers   'cf-request-id': '098655b57a000010b917901000000001',
31 verbose headers   'expect-ct': 'max-age=604800, report-uri="https://report-uri.cloudflare.com/cdn-cgi/beacon/expect-ct"',
31 verbose headers   server: 'cloudflare' }
32 silly get cb [ 304,
32 silly get   { date: 'Sun, 18 Apr 2021 11:27:50 GMT',
32 silly get     connection: 'keep-alive',
32 silly get     'set-cookie':
32 silly get      [ '__cfduid=dc5bb551f949ef5e6d2025f71d67bad131618745269; expires=Tue, 18-May-21 11:27:49 GMT; path=/; domain=.npmjs.org; HttpOnly; SameSite=Lax' ],
32 silly get     'cf-ray': '641d8bcf298110b9-CPH',
32 silly get     'cache-control': 'public, max-age=300',
32 silly get     etag: '"cfc3e11c62665e0da8c8147162a25e97"',
32 silly get     'last-modified': 'Fri, 12 Mar 2021 07:12:14 GMT',
32 silly get     vary: 'Accept-Encoding',
32 silly get     'cf-cache-status': 'REVALIDATED',
32 silly get     'cf-request-id': '098655b57a000010b917901000000001',
32 silly get     'expect-ct': 'max-age=604800, report-uri="https://report-uri.cloudflare.com/cdn-cgi/beacon/expect-ct"',
32 silly get     server: 'cloudflare' } ]
33 verbose etag https://registry.npmjs.org/n from cache
34 verbose get saving n to /home/volkan/.npm/registry.npmjs.org/n/.cache.json
35 http 200 https://registry.npmjs.org/stable
36 verbose headers { date: 'Sun, 18 Apr 2021 11:27:50 GMT',
36 verbose headers   'content-type': 'application/json; charset=UTF-8',
36 verbose headers   'transfer-encoding': 'chunked',
36 verbose headers   connection: 'keep-alive',
36 verbose headers   'set-cookie':
36 verbose headers    [ '__cfduid=d98afdc9531cdf7c3c06be9bcffcb15b61618745269; expires=Tue, 18-May-21 11:27:49 GMT; path=/; domain=.npmjs.org; HttpOnly; SameSite=Lax' ],
36 verbose headers   'cf-ray': '641d8bcf2d281d1a-CPH',
36 verbose headers   'cache-control': 'public, max-age=300',
36 verbose headers   etag: 'W/"3cfe4569de942571eefe249fa13d01d2"',
36 verbose headers   'last-modified': 'Sun, 27 May 2018 18:08:59 GMT',
36 verbose headers   vary: 'accept-encoding, accept',
36 verbose headers   'cf-cache-status': 'REVALIDATED',
36 verbose headers   'cf-request-id': '098655b57900001d1a3fb98000000001',
36 verbose headers   'expect-ct': 'max-age=604800, report-uri="https://report-uri.cloudflare.com/cdn-cgi/beacon/expect-ct"',
36 verbose headers   server: 'cloudflare',
36 verbose headers   'content-encoding': 'gzip' }
37 silly get cb [ 200,
37 silly get   { date: 'Sun, 18 Apr 2021 11:27:50 GMT',
37 silly get     'content-type': 'application/json; charset=UTF-8',
37 silly get     'transfer-encoding': 'chunked',
37 silly get     connection: 'keep-alive',
37 silly get     'set-cookie':
37 silly get      [ '__cfduid=d98afdc9531cdf7c3c06be9bcffcb15b61618745269; expires=Tue, 18-May-21 11:27:49 GMT; path=/; domain=.npmjs.org; HttpOnly; SameSite=Lax' ],
37 silly get     'cf-ray': '641d8bcf2d281d1a-CPH',
37 silly get     'cache-control': 'public, max-age=300',
37 silly get     etag: 'W/"3cfe4569de942571eefe249fa13d01d2"',
37 silly get     'last-modified': 'Sun, 27 May 2018 18:08:59 GMT',
37 silly get     vary: 'accept-encoding, accept',
37 silly get     'cf-cache-status': 'REVALIDATED',
37 silly get     'cf-request-id': '098655b57900001d1a3fb98000000001',
37 silly get     'expect-ct': 'max-age=604800, report-uri="https://report-uri.cloudflare.com/cdn-cgi/beacon/expect-ct"',
37 silly get     server: 'cloudflare',
37 silly get     'content-encoding': 'gzip' } ]
38 verbose get saving stable to /home/volkan/.npm/registry.npmjs.org/stable/.cache.json
39 silly install normalizeTree
40 silly loadCurrentTree Finishing
41 silly loadIdealTree Starting
42 silly install loadIdealTree
43 silly cloneCurrentTree Starting
44 silly install cloneCurrentTreeToIdealTree
45 silly cloneCurrentTree Finishing
46 silly loadShrinkwrap Starting
47 silly install loadShrinkwrap
48 silly loadShrinkwrap Finishing
49 silly loadAllDepsIntoIdealTree Starting
50 silly install loadAllDepsIntoIdealTree
51 silly resolveWithNewModule n@7.1.0 checking installable status
52 silly cache add args [ 'n', null ]
53 verbose cache add spec n
54 silly resolveWithNewModule stable@0.1.8 checking installable status
55 silly cache add args [ 'stable', null ]
56 verbose cache add spec stable
57 silly cache add parsed spec Result {
57 silly cache add   raw: 'n',
57 silly cache add   scope: null,
57 silly cache add   name: 'n',
57 silly cache add   rawSpec: '',
57 silly cache add   spec: 'latest',
57 silly cache add   type: 'tag' }
58 silly addNamed n@latest
59 verbose addNamed "latest" is being treated as a dist-tag for n
60 info addNameTag [ 'n', 'latest' ]
61 silly mapToRegistry name n
62 silly mapToRegistry using default registry
63 silly mapToRegistry registry https://registry.npmjs.org/
64 silly mapToRegistry uri https://registry.npmjs.org/n
65 verbose addNameTag registry:https://registry.npmjs.org/n not in flight; fetching
66 silly cache add parsed spec Result {
66 silly cache add   raw: 'stable',
66 silly cache add   scope: null,
66 silly cache add   name: 'stable',
66 silly cache add   rawSpec: '',
66 silly cache add   spec: 'latest',
66 silly cache add   type: 'tag' }
67 silly addNamed stable@latest
68 verbose addNamed "latest" is being treated as a dist-tag for stable
69 info addNameTag [ 'stable', 'latest' ]
70 silly mapToRegistry name stable
71 silly mapToRegistry using default registry
72 silly mapToRegistry registry https://registry.npmjs.org/
73 silly mapToRegistry uri https://registry.npmjs.org/stable
74 verbose addNameTag registry:https://registry.npmjs.org/stable not in flight; fetching
75 verbose get https://registry.npmjs.org/stable not expired, no request
76 silly addNameTag next cb for stable with tag latest
77 silly addNamed stable@0.1.8
78 verbose addNamed "0.1.8" is a plain semver version for stable
79 verbose get https://registry.npmjs.org/n not expired, no request
80 silly addNameTag next cb for n with tag latest
81 silly addNamed n@7.1.0
82 verbose addNamed "7.1.0" is a plain semver version for n
83 silly mapToRegistry name stable
84 silly mapToRegistry using default registry
85 silly mapToRegistry registry https://registry.npmjs.org/
86 silly mapToRegistry uri https://registry.npmjs.org/stable
87 verbose addRemoteTarball https://registry.npmjs.org/stable/-/stable-0.1.8.tgz not in flight; adding
88 verbose addRemoteTarball [ 'https://registry.npmjs.org/stable/-/stable-0.1.8.tgz',
88 verbose addRemoteTarball   '836eb3c8382fe2936feaf544631017ce7d47a3cf' ]
89 info retry fetch attempt 1 at 1:27:50 PM
90 info attempt registry request try #1 at 1:27:50 PM
91 http fetch GET https://registry.npmjs.org/stable/-/stable-0.1.8.tgz
92 silly cache afterAdd n@7.1.0
93 verbose afterAdd /home/volkan/.npm/n/7.1.0/package/package.json not in flight; writing
94 verbose afterAdd /home/volkan/.npm/n/7.1.0/package/package.json written
95 http fetch 200 https://registry.npmjs.org/stable/-/stable-0.1.8.tgz
96 silly fetchAndShaCheck shasum 836eb3c8382fe2936feaf544631017ce7d47a3cf
97 verbose addTmpTarball /tmp/npm-24680-d64c1d5f/registry.npmjs.org/stable/-/stable-0.1.8.tgz not in flight; adding
98 verbose addTmpTarball already have metadata; skipping unpack for stable@0.1.8
99 silly cache afterAdd stable@0.1.8
100 verbose afterAdd /home/volkan/.npm/stable/0.1.8/package/package.json not in flight; writing
101 verbose afterAdd /home/volkan/.npm/stable/0.1.8/package/package.json written
102 silly loadAllDepsIntoIdealTree Finishing
103 silly idealTree:prePrune lib
103 silly idealTree:prePrune ├── n@7.1.0
103 silly idealTree:prePrune └── stable@0.1.8
104 silly loadIdealTree Finishing
105 silly currentTree lib
105 silly currentTree └── n@7.1.0
106 silly idealTree lib
106 silly idealTree ├── n@7.1.0
106 silly idealTree └── stable@0.1.8
107 silly generateActionsToTake Starting
108 silly install generateActionsToTake
109 warn checkPermissions Missing write access to /usr/local/lib/node_modules/n
110 warn checkPermissions Missing write access to /usr/local/lib/node_modules
111 silly rollbackFailedOptional Starting
112 silly rollbackFailedOptional Finishing
113 silly runTopLevelLifecycles Starting
114 silly runTopLevelLifecycles Finishing
115 silly install printInstalled
116 verbose stack Error: EACCES: permission denied, access '/usr/local/lib/node_modules/n'
117 verbose cwd /home/node/Fileshare
118 error Linux 4.15.0-137-generic
119 error argv "/usr/bin/node" "/usr/bin/npm" "install" "-g" "n" "stable"
120 error node v8.10.0
121 error npm  v3.5.2
122 error path /usr/local/lib/node_modules/n
123 error code EACCES
124 error errno -13
125 error syscall access
126 error Error: EACCES: permission denied, access '/usr/local/lib/node_modules/n'
126 error  { Error: EACCES: permission denied, access '/usr/local/lib/node_modules/n'
126 error   errno: -13,
126 error   code: 'EACCES',
126 error   syscall: 'access',
126 error   path: '/usr/local/lib/node_modules/n' }
127 error Please try running this command again as root/Administrator.
128 verbose exit [ -13, true ]
